{"logLevel":"debug","message":"multithreading is set to false"}
{"logLevel":"debug","message":"Using reflection to scan dependencies for gauge implementations..."}
{"logLevel":"debug","message":"gauge-java took 657milliseconds to load and scan. This should be less than 'runner_connection_timeout' config value."}
{"logLevel":"debug","message":"run 'gauge config runner_connection_timeout' and verify that it is < 657"}
{"logLevel":"debug","message":"starting gRPC server..."}
{"logLevel":"debug","message":"started gRPC server on port 51207"}
{"logLevel":"info","message":"Listening on port:51207"}
{"logLevel":"debug","message":"Scanning packages for steps"}
{"logLevel":"debug","message":"Comparing 'StepImplementation.kuponKoduDoldur' and 'StepImplementation.kuponKoduDoldur'"}
{"logLevel":"debug","message":"Found Kupon kodu:{} değeri doldur in current project scope."}
{"logLevel":"debug","message":"Comparing 'StepImplementation.kuponOnaylaBtn' and 'StepImplementation.kuponOnaylaBtn'"}
{"logLevel":"debug","message":"Found Kupon onayla butonu tıkla in current project scope."}
{"logLevel":"debug","message":"Comparing 'StepImplementation.addToCartBtn' and 'StepImplementation.addToCartBtn'"}
{"logLevel":"debug","message":"Found addToCart butonuna tıkla in current project scope."}
{"logLevel":"debug","message":"Comparing 'StepImplementation.urunDetayEkranTitle' and 'StepImplementation.urunDetayEkranTitle'"}
{"logLevel":"debug","message":"Found Urun Adı : {} kontrol in current project scope."}
{"logLevel":"debug","message":"Comparing 'StepImplementation.clickDiamondSportMenu' and 'StepImplementation.clickDiamondSportMenu'"}
{"logLevel":"debug","message":"Found DIAMOND SPORTS menüsünü aç in current project scope."}
{"logLevel":"debug","message":"Comparing 'StepImplementation.hataMesajKontrol' and 'StepImplementation.hataMesajKontrol'"}
{"logLevel":"debug","message":"Found Hata mesajı Metni kontrolü yapılır in current project scope."}
{"logLevel":"debug","message":"Comparing 'StepImplementation.urunFiyatDetayEkranKontrol' and 'StepImplementation.urunFiyatDetayEkranKontrol'"}
{"logLevel":"debug","message":"Found Urun Detay ekranında Urun Fiyat: {} kontrolü yapılır in current project scope."}
{"logLevel":"debug","message":"Comparing 'StepImplementation.urunTikla' and 'StepImplementation.urunTikla'"}
{"logLevel":"debug","message":"Found Hitting 2.0 ürününe tıkla in current project scope."}
{"logLevel":"debug","message":"Comparing 'StepImplementation.closePopup' and 'StepImplementation.closePopup'"}
{"logLevel":"debug","message":"Found Popup close buton tıkla in current project scope."}
{"logLevel":"debug","message":"Comparing 'StepImplementation.cookieAcceptBtn' and 'StepImplementation.cookieAcceptBtn'"}
{"logLevel":"debug","message":"Found Cookies Accept tıkla in current project scope."}
{"logLevel":"debug","message":"Comparing 'StepImplementation.addToCartIsEnabled' and 'StepImplementation.addToCartIsEnabled'"}
{"logLevel":"debug","message":"Found addToCart buton enable olduğu kontrol edilir in current project scope."}
{"logLevel":"debug","message":"Comparing 'StepImplementation.sepetTutar' and 'StepImplementation.sepetTutar'"}
{"logLevel":"debug","message":"Found Sepet tutar : {} kontrol in current project scope."}
{"logLevel":"debug","message":"Comparing 'StepImplementation.urunStokNo' and 'StepImplementation.urunStokNo'"}
{"logLevel":"debug","message":"Found Urun Detay ekranında Stok  No:{} kontrol edilir in current project scope."}
{"logLevel":"debug","message":"Comparing 'StepImplementation.selectPlan' and 'StepImplementation.selectPlan'"}
{"logLevel":"debug","message":"Found Chose and option {} değeri seç in current project scope."}
{"logLevel":"debug","message":"Scanning packages for hooks"}
{"logLevel":"debug","message":"Scanned steps (using static parsing + reflections): "}
{"logLevel":"debug","message":"\tUrun Detay ekranında Stok  No:{} kontrol edilir : public void urunStokNo(String text)"}
{"logLevel":"debug","message":"\tPopup close buton tıkla : public void closePopup() throws InterruptedException"}
{"logLevel":"debug","message":"\taddToCart butonuna tıkla : public void addToCartBtn()"}
{"logLevel":"debug","message":"\tKupon onayla butonu tıkla : public void kuponOnaylaBtn() throws InterruptedException"}
{"logLevel":"debug","message":"\tCookies Accept tıkla : public void cookieAcceptBtn()"}
{"logLevel":"debug","message":"\tChose and option {} değeri seç : public void selectPlan(String text)"}
{"logLevel":"debug","message":"\tDIAMOND SPORTS menüsünü aç : public void clickDiamondSportMenu()"}
{"logLevel":"debug","message":"\tUrun Adı : {} kontrol : public void urunDetayEkranTitle(String text) throws InterruptedException"}
{"logLevel":"debug","message":"\tKupon kodu:{} değeri doldur : public void kuponKoduDoldur(String text) throws InterruptedException"}
{"logLevel":"debug","message":"\tUrun Detay ekranında Urun Fiyat: {} kontrolü yapılır : public void urunFiyatDetayEkranKontrol(String text) throws InterruptedException"}
{"logLevel":"debug","message":"\tHata mesajı Metni kontrolü yapılır : public void hataMesajKontrol() throws InterruptedException"}
{"logLevel":"debug","message":"\tSepet tutar : {} kontrol : public void sepetTutar(String text) throws InterruptedException"}
{"logLevel":"debug","message":"\tHitting 2.0 ürününe tıkla : public void urunTikla()"}
{"logLevel":"debug","message":"\taddToCart buton enable olduğu kontrol edilir : public void addToCartIsEnabled()"}
Mar 19, 2021 8:55:46 PM org.openqa.selenium.os.OsProcess checkForError
SEVERE: org.apache.commons.exec.ExecuteException: Execution failed (Exit value: -559038737. Caused by java.io.IOException: Cannot run program "C:\Users\testinium\Desktop\java-maven-selenium-master\beymen_ui\chromedriver" (in directory "."): CreateProcess error=193, %1 geçerli bir Win32 uygulaması değil)
